#
# There is insufficient memory for the Java Runtime Environment to continue.
# Native memory allocation (malloc) failed to allocate 1002576 bytes for Chunk::new
# Possible reasons:
#   The system is out of physical RAM or swap space
#   The process is running with CompressedOops enabled, and the Java Heap may be blocking the growth of the native heap
# Possible solutions:
#   Reduce memory load on the system
#   Increase physical memory or swap space
#   Check if swap backing store is full
#   Decrease Java heap size (-Xmx/-Xms)
#   Decrease number of Java threads
#   Decrease Java thread stack sizes (-Xss)
#   Set larger code cache with -XX:ReservedCodeCacheSize=
#   JVM is running with Unscaled Compressed Oops mode in which the Java heap is
#     placed in the first 4GB address space. The Java Heap base address is the
#     maximum limit for the native heap growth. Please use -XX:HeapBaseMinAddress
#     to set the Java Heap base and to place the Java Heap above 4GB virtual address.
# This output file may be truncated or incomplete.
#
#  Out of Memory Error (allocation.cpp:389), pid=1468, tid=0x0000000000003040
#
# JRE version: Java(TM) SE Runtime Environment (8.0_251-b08) (build 1.8.0_251-b08)
# Java VM: Java HotSpot(TM) 64-Bit Server VM (25.251-b08 mixed mode windows-amd64 compressed oops)
# Failed to write core dump. Minidumps are not enabled by default on client versions of Windows
#

---------------  T H R E A D  ---------------

Current thread (0x0000000017982000):  JavaThread "C2 CompilerThread1" daemon [_thread_in_native, id=12352, stack(0x00000000195e0000,0x00000000196e0000)]

Stack: [0x00000000195e0000,0x00000000196e0000]
[error occurred during error reporting (printing stack bounds), id 0xc0000005]

Native frames: (J=compiled Java code, j=interpreted, Vv=VM code, C=native code)


Current CompileTask:
C2:   3859 2661       4       org.apache.maven.repository.internal.ArtifactDescriptorReaderDelegate::convert (205 bytes)


---------------  P R O C E S S  ---------------

Java Threads: ( => current thread )
  0x0000000019086000 JavaThread "Service Thread" daemon [_thread_blocked, id=9792, stack(0x00000000197e0000,0x00000000198e0000)]
  0x000000001798b800 JavaThread "C1 CompilerThread2" daemon [_thread_blocked, id=6728, stack(0x00000000196e0000,0x00000000197e0000)]
=>0x0000000017982000 JavaThread "C2 CompilerThread1" daemon [_thread_in_native, id=12352, stack(0x00000000195e0000,0x00000000196e0000)]
  0x000000001797e800 JavaThread "C2 CompilerThread0" daemon [_thread_in_native, id=18044, stack(0x00000000194e0000,0x00000000195e0000)]
  0x0000000019022800 JavaThread "Monitor Ctrl-Break" daemon [_thread_in_native, id=15016, stack(0x00000000193e0000,0x00000000194e0000)]
  0x0000000017955800 JavaThread "Attach Listener" daemon [_thread_blocked, id=2856, stack(0x0000000018ee0000,0x0000000018fe0000)]
  0x0000000017954000 JavaThread "Signal Dispatcher" daemon [_thread_blocked, id=10744, stack(0x0000000018de0000,0x0000000018ee0000)]
  0x0000000002cec000 JavaThread "Finalizer" daemon [_thread_blocked, id=14744, stack(0x0000000018bb0000,0x0000000018cb0000)]
  0x0000000002ce3000 JavaThread "Reference Handler" daemon [_thread_blocked, id=7932, stack(0x0000000018ab0000,0x0000000018bb0000)]
  0x0000000002bf2800 JavaThread "main" [_thread_in_Java, id=4716, stack(0x0000000002930000,0x0000000002a30000)]

Other Threads:
  0x0000000017917800 VMThread [stack: 0x00000000189b0000,0x0000000018ab0000] [id=17312]
  0x00000000190ab800 WatcherThread [stack: 0x00000000198e0000,0x00000000199e0000] [id=6904]

VM state:not at safepoint (normal execution)

VM Mutex/Monitor currently owned by a thread: None

heap address: 0x0000000081600000, size: 2026 MB, Compressed Oops mode: 32-bit
Narrow klass base: 0x0000000000000000, Narrow klass shift: 3
Compressed class space size: 1073741824 Address: 0x0000000100000000

Heap:
 PSYoungGen      total 71680K, used 13030K [0x00000000d5d00000, 0x00000000df800000, 0x0000000100000000)
  eden space 66560K, 11% used [0x00000000d5d00000,0x00000000d64c1b10,0x00000000d9e00000)
  from space 5120K, 99% used [0x00000000d9e00000,0x00000000da2f8040,0x00000000da300000)
  to   space 12800K, 0% used [0x00000000deb80000,0x00000000deb80000,0x00000000df800000)
 ParOldGen       total 87552K, used 13756K [0x0000000081600000, 0x0000000086b80000, 0x00000000d5d00000)
  object space 87552K, 15% used [0x0000000081600000,0x000000008236f1e8,0x0000000086b80000)
 Metaspace       used 16096K, capacity 16508K, committed 16640K, reserved 1064960K
  class space    used 1920K, capacity 2019K, committed 2048K, reserved 1048576K

Card table byte_map: [0x00000000121b0000,0x00000000125b0000] byte_map_base: 0x0000000011da5000

Marking Bits: (ParMarkBitMap*) 0x00000000568faf90
 Begin Bits: [0x0000000012c60000, 0x0000000014c08000)
 End Bits:   [0x0000000014c08000, 0x0000000016bb0000)

Polling page: 0x0000000000c60000

CodeCache: size=245760Kb used=9194Kb max_used=9194Kb free=236566Kb
 bounds [0x0000000002df0000, 0x0000000003700000, 0x0000000011df0000]
 total_blobs=3126 nmethods=2757 adapters=281
 compilation: enabled

Compilation events (10 events):
Event: 3.852 Thread 0x000000001798b800 2771       3       org.apache.maven.model.ReportPlugin::getKey (12 bytes)
Event: 3.853 Thread 0x000000001798b800 nmethod 2771 0x00000000036f0a50 code [0x00000000036f0c20, 0x00000000036f14b8]
Event: 3.853 Thread 0x000000001798b800 2772       3       org.apache.maven.model.ReportPlugin::constructKey (24 bytes)
Event: 3.853 Thread 0x000000001798b800 nmethod 2772 0x00000000036f1890 code [0x00000000036f1a60, 0x00000000036f2278]
Event: 3.854 Thread 0x000000001798b800 2774       3       sun.reflect.ClassFileAssembler::emitConstantPoolClass (23 bytes)
Event: 3.855 Thread 0x000000001798b800 nmethod 2774 0x00000000036f2590 code [0x00000000036f2740, 0x00000000036f2bc8]
Event: 3.855 Thread 0x000000001798b800 2775       3       sun.reflect.ClassFileAssembler::emitConstantPoolNameAndType (28 bytes)
Event: 3.855 Thread 0x000000001798b800 nmethod 2775 0x00000000036f2f10 code [0x00000000036f3100, 0x00000000036f37e8]
Event: 3.856 Thread 0x000000001798b800 2776       3       org.apache.maven.model.PluginExecution::setGoals (6 bytes)
Event: 3.856 Thread 0x000000001798b800 nmethod 2776 0x00000000036f3d50 code [0x00000000036f3ea0, 0x00000000036f4010]

GC Heap History (10 events):
Event: 1.155 GC heap before
{Heap before GC invocations=1 (full 0):
 PSYoungGen      total 38400K, used 33280K [0x00000000d5d00000, 0x00000000d8780000, 0x0000000100000000)
  eden space 33280K, 100% used [0x00000000d5d00000,0x00000000d7d80000,0x00000000d7d80000)
  from space 5120K, 0% used [0x00000000d8280000,0x00000000d8280000,0x00000000d8780000)
  to   space 5120K, 0% used [0x00000000d7d80000,0x00000000d7d80000,0x00000000d8280000)
 ParOldGen       total 87552K, used 0K [0x0000000081600000, 0x0000000086b80000, 0x00000000d5d00000)
  object space 87552K, 0% used [0x0000000081600000,0x0000000081600000,0x0000000086b80000)
 Metaspace       used 8687K, capacity 8872K, committed 9088K, reserved 1056768K
  class space    used 1040K, capacity 1084K, committed 1152K, reserved 1048576K
Event: 1.162 GC heap after
Heap after GC invocations=1 (full 0):
 PSYoungGen      total 38400K, used 4935K [0x00000000d5d00000, 0x00000000d8780000, 0x0000000100000000)
  eden space 33280K, 0% used [0x00000000d5d00000,0x00000000d5d00000,0x00000000d7d80000)
  from space 5120K, 96% used [0x00000000d7d80000,0x00000000d8251c18,0x00000000d8280000)
  to   space 5120K, 0% used [0x00000000d8280000,0x00000000d8280000,0x00000000d8780000)
 ParOldGen       total 87552K, used 8K [0x0000000081600000, 0x0000000086b80000, 0x00000000d5d00000)
  object space 87552K, 0% used [0x0000000081600000,0x0000000081602000,0x0000000086b80000)
 Metaspace       used 8687K, capacity 8872K, committed 9088K, reserved 1056768K
  class space    used 1040K, capacity 1084K, committed 1152K, reserved 1048576K
}
Event: 1.646 GC heap before
{Heap before GC invocations=2 (full 0):
 PSYoungGen      total 38400K, used 38215K [0x00000000d5d00000, 0x00000000d8780000, 0x0000000100000000)
  eden space 33280K, 100% used [0x00000000d5d00000,0x00000000d7d80000,0x00000000d7d80000)
  from space 5120K, 96% used [0x00000000d7d80000,0x00000000d8251c18,0x00000000d8280000)
  to   space 5120K, 0% used [0x00000000d8280000,0x00000000d8280000,0x00000000d8780000)
 ParOldGen       total 87552K, used 8K [0x0000000081600000, 0x0000000086b80000, 0x00000000d5d00000)
  object space 87552K, 0% used [0x0000000081600000,0x0000000081602000,0x0000000086b80000)
 Metaspace       used 11398K, capacity 11668K, committed 11776K, reserved 1058816K
  class space    used 1398K, capacity 1481K, committed 1536K, reserved 1048576K
Event: 1.653 GC heap after
Heap after GC invocations=2 (full 0):
 PSYoungGen      total 38400K, used 5090K [0x00000000d5d00000, 0x00000000d8780000, 0x0000000100000000)
  eden space 33280K, 0% used [0x00000000d5d00000,0x00000000d5d00000,0x00000000d7d80000)
  from space 5120K, 99% used [0x00000000d8280000,0x00000000d8778bd8,0x00000000d8780000)
  to   space 5120K, 0% used [0x00000000d7d80000,0x00000000d7d80000,0x00000000d8280000)
 ParOldGen       total 87552K, used 894K [0x0000000081600000, 0x0000000086b80000, 0x00000000d5d00000)
  object space 87552K, 1% used [0x0000000081600000,0x00000000816dfae8,0x0000000086b80000)
 Metaspace       used 11398K, capacity 11668K, committed 11776K, reserved 1058816K
  class space    used 1398K, capacity 1481K, committed 1536K, reserved 1048576K
}
Event: 2.244 GC heap before
{Heap before GC invocations=3 (full 0):
 PSYoungGen      total 38400K, used 38370K [0x00000000d5d00000, 0x00000000d8780000, 0x0000000100000000)
  eden space 33280K, 100% used [0x00000000d5d00000,0x00000000d7d80000,0x00000000d7d80000)
  from space 5120K, 99% used [0x00000000d8280000,0x00000000d8778bd8,0x00000000d8780000)
  to   space 5120K, 0% used [0x00000000d7d80000,0x00000000d7d80000,0x00000000d8280000)
 ParOldGen       total 87552K, used 894K [0x0000000081600000, 0x0000000086b80000, 0x00000000d5d00000)
  object space 87552K, 1% used [0x0000000081600000,0x00000000816dfae8,0x0000000086b80000)
 Metaspace       used 14933K, capacity 15236K, committed 15488K, reserved 1062912K
  class space    used 1844K, capacity 1909K, committed 1920K, reserved 1048576K
Event: 2.255 GC heap after
Heap after GC invocations=3 (full 0):
 PSYoungGen      total 38400K, used 5111K [0x00000000d5d00000, 0x00000000da800000, 0x0000000100000000)
  eden space 33280K, 0% used [0x00000000d5d00000,0x00000000d5d00000,0x00000000d7d80000)
  from space 5120K, 99% used [0x00000000d7d80000,0x00000000d827dc88,0x00000000d8280000)
  to   space 5120K, 0% used [0x00000000da300000,0x00000000da300000,0x00000000da800000)
 ParOldGen       total 87552K, used 3093K [0x0000000081600000, 0x0000000086b80000, 0x00000000d5d00000)
  object space 87552K, 3% used [0x0000000081600000,0x0000000081905518,0x0000000086b80000)
 Metaspace       used 14933K, capacity 15236K, committed 15488K, reserved 1062912K
  class space    used 1844K, capacity 1909K, committed 1920K, reserved 1048576K
}
Event: 2.939 GC heap before
{Heap before GC invocations=4 (full 0):
 PSYoungGen      total 38400K, used 38391K [0x00000000d5d00000, 0x00000000da800000, 0x0000000100000000)
  eden space 33280K, 100% used [0x00000000d5d00000,0x00000000d7d80000,0x00000000d7d80000)
  from space 5120K, 99% used [0x00000000d7d80000,0x00000000d827dc88,0x00000000d8280000)
  to   space 5120K, 0% used [0x00000000da300000,0x00000000da300000,0x00000000da800000)
 ParOldGen       total 87552K, used 3093K [0x0000000081600000, 0x0000000086b80000, 0x00000000d5d00000)
  object space 87552K, 3% used [0x0000000081600000,0x0000000081905518,0x0000000086b80000)
 Metaspace       used 15487K, capacity 15784K, committed 16128K, reserved 1062912K
  class space    used 1882K, capacity 1979K, committed 2048K, reserved 1048576K
Event: 2.954 GC heap after
Heap after GC invocations=4 (full 0):
 PSYoungGen      total 71680K, used 5088K [0x00000000d5d00000, 0x00000000da800000, 0x0000000100000000)
  eden space 66560K, 0% used [0x00000000d5d00000,0x00000000d5d00000,0x00000000d9e00000)
  from space 5120K, 99% used [0x00000000da300000,0x00000000da7f8060,0x00000000da800000)
  to   space 5120K, 0% used [0x00000000d9e00000,0x00000000d9e00000,0x00000000da300000)
 ParOldGen       total 87552K, used 6112K [0x0000000081600000, 0x0000000086b80000, 0x00000000d5d00000)
  object space 87552K, 6% used [0x0000000081600000,0x0000000081bf8200,0x0000000086b80000)
 Metaspace       used 15487K, capacity 15784K, committed 16128K, reserved 1062912K
  class space    used 1882K, capacity 1979K, committed 2048K, reserved 1048576K
}
Event: 3.759 GC heap before
{Heap before GC invocations=5 (full 0):
 PSYoungGen      total 71680K, used 71648K [0x00000000d5d00000, 0x00000000da800000, 0x0000000100000000)
  eden space 66560K, 100% used [0x00000000d5d00000,0x00000000d9e00000,0x00000000d9e00000)
  from space 5120K, 99% used [0x00000000da300000,0x00000000da7f8060,0x00000000da800000)
  to   space 5120K, 0% used [0x00000000d9e00000,0x00000000d9e00000,0x00000000da300000)
 ParOldGen       total 87552K, used 6112K [0x0000000081600000, 0x0000000086b80000, 0x00000000d5d00000)
  object space 87552K, 6% used [0x0000000081600000,0x0000000081bf8200,0x0000000086b80000)
 Metaspace       used 16076K, capacity 16496K, committed 16640K, reserved 1064960K
  class space    used 1919K, capacity 2017K, committed 2048K, reserved 1048576K
Event: 3.782 GC heap after
Heap after GC invocations=5 (full 0):
 PSYoungGen      total 71680K, used 5088K [0x00000000d5d00000, 0x00000000df800000, 0x0000000100000000)
  eden space 66560K, 0% used [0x00000000d5d00000,0x00000000d5d00000,0x00000000d9e00000)
  from space 5120K, 99% used [0x00000000d9e00000,0x00000000da2f8040,0x00000000da300000)
  to   space 12800K, 0% used [0x00000000deb80000,0x00000000deb80000,0x00000000df800000)
 ParOldGen       total 87552K, used 13756K [0x0000000081600000, 0x0000000086b80000, 0x00000000d5d00000)
  object space 87552K, 15% used [0x0000000081600000,0x000000008236f1e8,0x0000000086b80000)
 Metaspace       used 16076K, capacity 16496K, committed 16640K, reserved 1064960K
  class space    used 1919K, capacity 2017K, committed 2048K, reserved 1048576K
}

Deoptimization events (10 events):
Event: 3.311 Thread 0x0000000002bf2800 Uncommon trap: reason=unstable_if action=reinterpret pc=0x00000000031c69a8 method=java.util.HashMap.hash(Ljava/lang/Object;)I @ 1
Event: 3.480 Thread 0x0000000002bf2800 Uncommon trap: reason=unstable_if action=reinterpret pc=0x00000000035f9384 method=java.util.HashMap$HashIterator.<init>(Ljava/util/HashMap;)V @ 45
Event: 3.655 Thread 0x0000000002bf2800 Uncommon trap: reason=unstable_if action=reinterpret pc=0x0000000003615ed4 method=org.codehaus.plexus.util.xml.pull.MXParser.nextImpl()I @ 972
Event: 3.657 Thread 0x0000000002bf2800 Uncommon trap: reason=class_check action=maybe_recompile pc=0x0000000003683fd4 method=org.apache.maven.model.interpolation.StringSearchModelInterpolator$InterpolateObjectAction$MapField.doInterpolate(Ljava/lang/Object;Lorg/apache/maven/model/interpolation
Event: 3.657 Thread 0x0000000002bf2800 Uncommon trap: reason=class_check action=maybe_recompile pc=0x0000000003683fd4 method=org.apache.maven.model.interpolation.StringSearchModelInterpolator$InterpolateObjectAction$MapField.doInterpolate(Ljava/lang/Object;Lorg/apache/maven/model/interpolation
Event: 3.657 Thread 0x0000000002bf2800 Uncommon trap: reason=class_check action=maybe_recompile pc=0x0000000003683fd4 method=org.apache.maven.model.interpolation.StringSearchModelInterpolator$InterpolateObjectAction$MapField.doInterpolate(Ljava/lang/Object;Lorg/apache/maven/model/interpolation
Event: 3.733 Thread 0x0000000002bf2800 Uncommon trap: reason=class_check action=maybe_recompile pc=0x000000000361791c method=org.codehaus.plexus.interpolation.MapBasedValueSource.getValue(Ljava/lang/String;)Ljava/lang/Object; @ 16
Event: 3.733 Thread 0x0000000002bf2800 Uncommon trap: reason=class_check action=maybe_recompile pc=0x000000000361791c method=org.codehaus.plexus.interpolation.MapBasedValueSource.getValue(Ljava/lang/String;)Ljava/lang/Object; @ 16
Event: 3.733 Thread 0x0000000002bf2800 Uncommon trap: reason=class_check action=maybe_recompile pc=0x000000000361791c method=org.codehaus.plexus.interpolation.MapBasedValueSource.getValue(Ljava/lang/String;)Ljava/lang/Object; @ 16
Event: 3.735 Thread 0x0000000002bf2800 Uncommon trap: reason=class_check action=maybe_recompile pc=0x0000000003683fd4 method=org.apache.maven.model.interpolation.StringSearchModelInterpolator$InterpolateObjectAction$MapField.doInterpolate(Ljava/lang/Object;Lorg/apache/maven/model/interpolation

Classes redefined (0 events):
No events

Internal exceptions (10 events):
Event: 1.956 Thread 0x0000000002bf2800 Exception <a 'java/lang/NoClassDefFoundError'> (0x00000000d71ae730) thrown at [C:\jenkins\workspace\8-2-build-windows-amd64-cygwin\jdk8u251\737\hotspot\src\share\vm\prims\jvm.cpp, line 1506]
Event: 1.956 Thread 0x0000000002bf2800 Exception <a 'java/lang/NoClassDefFoundError': javax/annotation/Priority> (0x00000000d71b39e8) thrown at [C:\jenkins\workspace\8-2-build-windows-amd64-cygwin\jdk8u251\737\hotspot\src\share\vm\classfile\systemDictionary.cpp, line 199]
Event: 2.049 Thread 0x0000000002bf2800 Implicit null exception at 0x0000000002fa9b58 to 0x0000000002fa9d11
Event: 2.188 Thread 0x0000000002bf2800 Implicit null exception at 0x0000000003081a56 to 0x0000000003081df1
Event: 2.188 Thread 0x0000000002bf2800 Implicit null exception at 0x00000000030191d6 to 0x0000000003019569
Event: 2.537 Thread 0x0000000002bf2800 Implicit null exception at 0x000000000341e950 to 0x000000000341fc09
Event: 3.295 Thread 0x0000000002bf2800 Implicit null exception at 0x00000000036058b7 to 0x0000000003605b01
Event: 3.300 Thread 0x0000000002bf2800 Implicit null exception at 0x00000000035f9bd4 to 0x00000000035fae51
Event: 3.311 Thread 0x0000000002bf2800 Implicit null exception at 0x00000000031f47d5 to 0x00000000031f49a5
Event: 3.311 Thread 0x0000000002bf2800 Implicit null exception at 0x00000000031c692f to 0x00000000031c6999

Events (10 events):
Event: 3.733 Thread 0x0000000002bf2800 DEOPT PACKING pc=0x000000000361791c sp=0x0000000002a2ccf0
Event: 3.733 Thread 0x0000000002bf2800 DEOPT UNPACKING pc=0x0000000002e3583b sp=0x0000000002a2ccd0 mode 2
Event: 3.733 Thread 0x0000000002bf2800 Uncommon trap: trap_request=0xffffffde fr.pc=0x000000000361791c
Event: 3.733 Thread 0x0000000002bf2800 DEOPT PACKING pc=0x000000000361791c sp=0x0000000002a2ccf0
Event: 3.733 Thread 0x0000000002bf2800 DEOPT UNPACKING pc=0x0000000002e3583b sp=0x0000000002a2ccd0 mode 2
Event: 3.735 Thread 0x0000000002bf2800 Uncommon trap: trap_request=0xffffffde fr.pc=0x0000000003683fd4
Event: 3.735 Thread 0x0000000002bf2800 DEOPT PACKING pc=0x0000000003683fd4 sp=0x0000000002a2c2e0
Event: 3.735 Thread 0x0000000002bf2800 DEOPT UNPACKING pc=0x0000000002e3583b sp=0x0000000002a2c258 mode 2
Event: 3.759 Executing VM operation: ParallelGCFailedAllocation
Event: 3.782 Executing VM operation: ParallelGCFailedAllocation done


Dynamic libraries:
0x00007ff6afe20000 - 0x00007ff6afe57000 	C:\Program Files\Java\jdk1.8.0_251\bin\java.exe
0x00007fff45da0000 - 0x00007fff45f90000 	C:\WINDOWS\SYSTEM32\ntdll.dll
0x00007fff44360000 - 0x00007fff44412000 	C:\WINDOWS\System32\KERNEL32.DLL
0x00007fff43900000 - 0x00007fff43ba4000 	C:\WINDOWS\System32\KERNELBASE.dll
0x00007fff447b0000 - 0x00007fff44853000 	C:\WINDOWS\System32\ADVAPI32.dll
0x00007fff44aa0000 - 0x00007fff44b3e000 	C:\WINDOWS\System32\msvcrt.dll
0x00007fff43e50000 - 0x00007fff43ee7000 	C:\WINDOWS\System32\sechost.dll
0x00007fff44690000 - 0x00007fff447b0000 	C:\WINDOWS\System32\RPCRT4.dll
0x00007fff444f0000 - 0x00007fff44684000 	C:\WINDOWS\System32\USER32.dll
0x00007fff43830000 - 0x00007fff43851000 	C:\WINDOWS\System32\win32u.dll
0x00007fff44880000 - 0x00007fff448a6000 	C:\WINDOWS\System32\GDI32.dll
0x00007fff43bb0000 - 0x00007fff43d45000 	C:\WINDOWS\System32\gdi32full.dll
0x00007fff43860000 - 0x00007fff438fe000 	C:\WINDOWS\System32\msvcp_win.dll
0x00007fff43d50000 - 0x00007fff43e4a000 	C:\WINDOWS\System32\ucrtbase.dll
0x00007fff2e020000 - 0x00007fff2e2a4000 	C:\WINDOWS\WinSxS\amd64_microsoft.windows.common-controls_6595b64144ccf1df_6.0.18362.900_none_e6beb9d913147d17\COMCTL32.dll
0x00007fff44de0000 - 0x00007fff45115000 	C:\WINDOWS\System32\combase.dll
0x00007fff42d80000 - 0x00007fff42e00000 	C:\WINDOWS\System32\bcryptPrimitives.dll
0x00007fff45be0000 - 0x00007fff45c0e000 	C:\WINDOWS\System32\IMM32.DLL
0x0000000056980000 - 0x0000000056a52000 	C:\Program Files\Java\jdk1.8.0_251\jre\bin\msvcr100.dll
0x00000000560d0000 - 0x000000005697b000 	C:\Program Files\Java\jdk1.8.0_251\jre\bin\server\jvm.dll
0x00007fff45120000 - 0x00007fff45128000 	C:\WINDOWS\System32\PSAPI.DLL
0x00007fff40c60000 - 0x00007fff40c84000 	C:\WINDOWS\SYSTEM32\WINMM.dll
0x00007fff2ab30000 - 0x00007fff2ab39000 	C:\WINDOWS\SYSTEM32\WSOCK32.dll
0x00007fff3bb00000 - 0x00007fff3bb0a000 	C:\WINDOWS\SYSTEM32\VERSION.dll
0x00007fff45cf0000 - 0x00007fff45d5f000 	C:\WINDOWS\System32\WS2_32.dll
0x00007fff40b00000 - 0x00007fff40b2d000 	C:\WINDOWS\SYSTEM32\winmmbase.dll
0x00007fff42d30000 - 0x00007fff42d7a000 	C:\WINDOWS\System32\cfgmgr32.dll
0x00007fff3f430000 - 0x00007fff3f43f000 	C:\Program Files\Java\jdk1.8.0_251\jre\bin\verify.dll
0x00007fff34b00000 - 0x00007fff34b29000 	C:\Program Files\Java\jdk1.8.0_251\jre\bin\java.dll
0x00007fff2c2b0000 - 0x00007fff2c2d3000 	C:\Program Files\Java\jdk1.8.0_251\jre\bin\instrument.dll
0x00007fff345b0000 - 0x00007fff345c6000 	C:\Program Files\Java\jdk1.8.0_251\jre\bin\zip.dll
0x00007fff45140000 - 0x00007fff45826000 	C:\WINDOWS\System32\SHELL32.dll
0x00007fff459d0000 - 0x00007fff45a79000 	C:\WINDOWS\System32\shcore.dll
0x00007fff43000000 - 0x00007fff43780000 	C:\WINDOWS\System32\windows.storage.dll
0x00007fff42c70000 - 0x00007fff42c93000 	C:\WINDOWS\System32\profapi.dll
0x00007fff42ce0000 - 0x00007fff42d2a000 	C:\WINDOWS\System32\powrprof.dll
0x00007fff42c60000 - 0x00007fff42c70000 	C:\WINDOWS\System32\UMPDC.dll
0x00007fff44b50000 - 0x00007fff44ba2000 	C:\WINDOWS\System32\shlwapi.dll
0x00007fff42cc0000 - 0x00007fff42cd1000 	C:\WINDOWS\System32\kernel.appcore.dll
0x00007fff43810000 - 0x00007fff43827000 	C:\WINDOWS\System32\cryptsp.dll
0x00007fff2cf20000 - 0x00007fff2cf3a000 	C:\Program Files\JetBrains\IntelliJ IDEA 2020.1\bin\breakgen64.dll
0x00007fff33d00000 - 0x00007fff33d1a000 	C:\Program Files\Java\jdk1.8.0_251\jre\bin\net.dll
0x00007fff42470000 - 0x00007fff424d7000 	C:\WINDOWS\system32\mswsock.dll
0x00007fff41fe0000 - 0x00007fff42013000 	C:\WINDOWS\system32\rsaenh.dll
0x00007fff43780000 - 0x00007fff437a6000 	C:\WINDOWS\System32\bcrypt.dll
0x00007fff42b80000 - 0x00007fff42ba5000 	C:\WINDOWS\SYSTEM32\USERENV.dll
0x00007fff42640000 - 0x00007fff4264c000 	C:\WINDOWS\SYSTEM32\CRYPTBASE.dll
0x00007fff42180000 - 0x00007fff421ba000 	C:\WINDOWS\SYSTEM32\IPHLPAPI.DLL
0x00007fff45130000 - 0x00007fff45138000 	C:\WINDOWS\System32\NSI.dll
0x00007fff3b2c0000 - 0x00007fff3b2d6000 	C:\WINDOWS\SYSTEM32\dhcpcsvc6.DLL
0x00007fff3bea0000 - 0x00007fff3bebc000 	C:\WINDOWS\SYSTEM32\dhcpcsvc.DLL
0x00007fff421c0000 - 0x00007fff4228b000 	C:\WINDOWS\SYSTEM32\DNSAPI.dll
0x00007fff31e10000 - 0x00007fff31e22000 	C:\Program Files\Java\jdk1.8.0_251\jre\bin\nio.dll
0x00007fff40d50000 - 0x00007fff40d5a000 	C:\Users\ANNASSI Nahid\AppData\Local\Temp\jansi-1.17.1-8416279523313399297.dll
0x00007fff3b250000 - 0x00007fff3b25a000 	C:\Users\ANNASSI Nahid\AppData\Local\Temp\jansi-1.17.1-5673799309684027405.dll

VM Arguments:
jvm_args: -Dmaven.multiModuleProjectDirectory=C:\Users\ANNASSI Nahid\Pictures\formation_java\micro-services-java\cart-service -Dmaven.home=C:\Program Files\JetBrains\IntelliJ IDEA 2020.1\plugins\maven\lib\maven3 -Dclassworlds.conf=C:\Program Files\JetBrains\IntelliJ IDEA 2020.1\plugins\maven\lib\maven3\bin\m2.conf -Dmaven.ext.class.path=C:\Program Files\JetBrains\IntelliJ IDEA 2020.1\plugins\maven\lib\maven-event-listener.jar -javaagent:C:\Program Files\JetBrains\IntelliJ IDEA 2020.1\lib\idea_rt.jar=55013:C:\Program Files\JetBrains\IntelliJ IDEA 2020.1\bin -Dfile.encoding=UTF-8 
java_command: org.codehaus.classworlds.Launcher -Didea.version2020.1 -DskipTests=true install
java_class_path (initial): C:\Program Files\JetBrains\IntelliJ IDEA 2020.1\plugins\maven\lib\maven3\boot\plexus-classworlds-2.6.0.jar;C:\Program Files\JetBrains\IntelliJ IDEA 2020.1\lib\idea_rt.jar
Launcher Type: SUN_STANDARD

Environment Variables:
PATH=C:\Python38\Scripts\;C:\Python38\;C:\Program Files (x86)\Common Files\Oracle\Java\javapath;C:\WINDOWS\system32;C:\WINDOWS;C:\WINDOWS\System32\Wbem;C:\WINDOWS\System32\WindowsPowerShell\v1.0\;C:\WINDOWS\System32\OpenSSH\;C:\Program Files\nodejs\;C:\ProgramData\chocolatey\bin;C:\Program Files\Git\cmd;C:\Program Files\MySQL\MySQL Shell 8.0\bin\;C:\Users\ANNASSI Nahid\AppData\Local\Microsoft\WindowsApps;;C:\Program Files\JetBrains\IntelliJ IDEA 2020.1\bin;;C:\Users\ANNASSI Nahid\AppData\Local\Programs\Microsoft VS Code\bin;C:\Users\ANNASSI Nahid\AppData\Roaming\npm
USERNAME=ANNASSI Nahid
OS=Windows_NT
PROCESSOR_IDENTIFIER=Intel64 Family 6 Model 78 Stepping 3, GenuineIntel



---------------  S Y S T E M  ---------------

OS: Windows 10.0 , 64 bit Build 18362 (10.0.18362.900)

CPU:total 4 (initial active 4) (2 cores per cpu, 2 threads per core) family 6 model 78 stepping 3, cmov, cx8, fxsr, mmx, sse, sse2, sse3, ssse3, sse4.1, sse4.2, popcnt, avx, avx2, aes, clmul, erms, 3dnowpref, lzcnt, ht, tsc, tscinvbit, bmi1, bmi2, adx

Memory: 4k page, physical 8290596k(595492k free), swap 16463096k(5256k free)

vm_info: Java HotSpot(TM) 64-Bit Server VM (25.251-b08) for windows-amd64 JRE (1.8.0_251-b08), built on Mar 12 2020 06:31:49 by "" with MS VC++ 10.0 (VS2010)

time: Thu Jun 25 15:22:56 2020
timezone: Maroc (heure d’été)
elapsed time: 3 seconds (0d 0h 0m 3s)

